Copyright 1986-2016 Xilinx, Inc. All Rights Reserved.
------------------------------------------------------------------------------------
| Tool Version : Vivado v.2016.2 (win64) Build 1577090 Thu Jun  2 16:32:40 MDT 2016
| Date         : Wed Nov 23 17:45:24 2016
| Host         : DESKTOP-BGEPG26 running 64-bit major release  (build 9200)
| Command      : upgrade_ip
| Device       : xc7z020clg484-1
------------------------------------------------------------------------------------

Upgrade Log for IP 'gpsSimulatedLynn_gpsIpSimulatedLynn_0_0'

1. Summary
----------

SUCCESS in the upgrade of gpsSimulatedLynn_gpsIpSimulatedLynn_0_0 (xilinx.com:user:gpsIpSimulatedLynn:1.0) from (Rev. 3) to (Rev. 4)






Copyright 1986-2016 Xilinx, Inc. All Rights Reserved.
------------------------------------------------------------------------------------
| Tool Version : Vivado v.2016.2 (win64) Build 1577090 Thu Jun  2 16:32:40 MDT 2016
| Date         : Tue Nov 22 15:14:28 2016
| Host         : DESKTOP-BGEPG26 running 64-bit major release  (build 9200)
| Command      : upgrade_ip
| Device       : xc7z020clg484-1
------------------------------------------------------------------------------------

Upgrade Log for IP 'gpsSimulatedLynn_gpsIpSimulatedLynn_0_0'

1. Summary
----------

SUCCESS in the upgrade of gpsSimulatedLynn_gpsIpSimulatedLynn_0_0 (xilinx.com:user:gpsIpSimulatedLynn:1.0) from (Rev. 2) to (Rev. 3)

