15:31:41 INFO  : Launching XSDB server: xsdb.bat -interactive F:\lynn.zheng\vivado_learing\GpsSimulatedLynn\GpsSimulatedLynn.sdk\temp_xsdb_launch_script.tcl
15:31:47 INFO  : XSDB server has started successfully.
15:33:14 INFO  : Project 'gps_hw_platform' created. You can now create BSPs and application projects targeting this hardware platform.
16:03:01 INFO  : Connected to target on host '127.0.0.1' and port '3121'.
16:03:02 INFO  : 'targets -set -filter {jtag_cable_name =~ "Digilent Zed 210248686573" && level==0} -index 1' command is executed.
16:03:04 INFO  : FPGA configured successfully with bitstream "F:/lynn.zheng/vivado_learing/GpsSimulatedLynn/GpsSimulatedLynn.sdk/gps_hw_platform/gpsSimulatedLynn_wrapper.bit"
16:04:02 INFO  : ps7_init is completed.
16:04:03 INFO  : ps7_post_config is completed.
16:04:03 INFO  : Processor reset is completed for ps7_cortexa9_0
16:29:04 INFO  : Processor reset is completed for ps7_cortexa9_0
16:29:25 INFO  : Processor reset is completed for ps7_cortexa9_0
10:05:53 INFO  : Connected to target on host '127.0.0.1' and port '3121'.
10:06:14 INFO  : Connected to target on host '127.0.0.1' and port '3121'.
10:06:14 INFO  : 'targets -set -filter {jtag_cable_name =~ "Digilent Zed 210248686573" && level==0} -index 1' command is executed.
10:06:16 INFO  : FPGA configured successfully with bitstream "F:/lynn.zheng/vivado_learing/GpsSimulatedLynn/GpsSimulatedLynn.sdk/gps_hw_platform/gpsSimulatedLynn_wrapper.bit"
10:06:21 INFO  : ps7_init is completed.
10:06:21 INFO  : ps7_post_config is completed.
10:06:22 INFO  : Processor reset is completed for ps7_cortexa9_0
10:07:16 INFO  : Processor reset is completed for ps7_cortexa9_0
10:10:00 INFO  : Processor reset is completed for ps7_cortexa9_0
10:11:50 INFO  : ps7_cortexa9_0 Processor is in use. Please stop existing Run or Debug sessions before launching.
10:11:52 INFO  : Processor reset is completed for ps7_cortexa9_0
10:15:25 INFO  : Processor reset is completed for ps7_cortexa9_0
10:15:57 INFO  : ps7_cortexa9_0 Processor is in use. Please stop existing Run or Debug sessions before launching.
10:15:59 INFO  : Processor reset is completed for ps7_cortexa9_0
10:16:58 INFO  : ps7_cortexa9_0 Processor is in use. Please stop existing Run or Debug sessions before launching.
10:17:03 INFO  : Processor reset is completed for ps7_cortexa9_0
10:19:09 INFO  : Processor reset is completed for ps7_cortexa9_0
10:20:23 INFO  : Processor reset is completed for ps7_cortexa9_0
10:22:47 INFO  : Processor reset is completed for ps7_cortexa9_0
10:24:07 INFO  : Processor reset is completed for ps7_cortexa9_0
10:29:45 INFO  : Processor reset is completed for ps7_cortexa9_0
10:30:39 INFO  : ps7_cortexa9_0 Processor is in use. Please stop existing Run or Debug sessions before launching.
10:30:41 INFO  : Processor reset is completed for ps7_cortexa9_0
10:32:08 INFO  : Processor reset is completed for ps7_cortexa9_0
10:36:50 INFO  : Processor reset is completed for ps7_cortexa9_0
10:38:04 INFO  : Processor reset is completed for ps7_cortexa9_0
10:40:35 INFO  : ps7_cortexa9_0 Processor is in use. Please stop existing Run or Debug sessions before launching.
10:40:38 INFO  : Processor reset is completed for ps7_cortexa9_0
10:41:10 INFO  : ps7_cortexa9_0 Processor is in use. Please stop existing Run or Debug sessions before launching.
10:41:12 INFO  : Processor reset is completed for ps7_cortexa9_0
10:43:54 INFO  : Processor reset is completed for ps7_cortexa9_0
10:44:41 INFO  : ps7_cortexa9_0 Processor is in use. Please stop existing Run or Debug sessions before launching.
10:44:44 INFO  : Processor reset is completed for ps7_cortexa9_0
10:45:48 INFO  : ps7_cortexa9_0 Processor is in use. Please stop existing Run or Debug sessions before launching.
10:45:50 INFO  : Processor reset is completed for ps7_cortexa9_0
10:46:20 INFO  : ps7_cortexa9_0 Processor is in use. Please stop existing Run or Debug sessions before launching.
10:46:23 INFO  : Processor reset is completed for ps7_cortexa9_0
10:47:51 INFO  : ps7_cortexa9_0 Processor is in use. Please stop existing Run or Debug sessions before launching.
10:47:53 INFO  : Processor reset is completed for ps7_cortexa9_0
10:49:28 INFO  : Processor reset is completed for ps7_cortexa9_0
10:50:42 INFO  : Processor reset is completed for ps7_cortexa9_0
10:51:14 INFO  : ps7_cortexa9_0 Processor is in use. Please stop existing Run or Debug sessions before launching.
10:51:16 INFO  : Processor reset is completed for ps7_cortexa9_0
10:53:35 INFO  : Processor reset is completed for ps7_cortexa9_0
11:11:33 INFO  : FPGA Cable Disconnected. All active launches will be terminated.
11:11:33 WARN  : Terminating existing sessions on processor ps7_cortexa9_0
14:49:22 INFO  : Launching XSDB server: xsdb.bat -interactive F:\lynn.zheng\vivado_learing\GpsSimulatedLynn\GpsSimulatedLynn.sdk\temp_xsdb_launch_script.tcl
14:49:24 INFO  : XSDB server has started successfully.
14:52:09 INFO  : Connected to target on host '127.0.0.1' and port '3121'.
14:52:10 INFO  : 'targets -set -filter {jtag_cable_name =~ "Digilent Zed 210248686573" && level==0} -index 1' command is executed.
14:52:12 INFO  : FPGA configured successfully with bitstream "F:/lynn.zheng/vivado_learing/GpsSimulatedLynn/GpsSimulatedLynn.sdk/gps_hw_platform/gpsSimulatedLynn_wrapper.bit"
14:52:19 WARN  : Unable to obtain port 2350 for use by XMD, java.net.SocketException: Unrecognized Windows Sockets error: 0: JVM_Bind
14:52:19 WARN  : Unable to obtain port 2357 for use by XMD, java.net.SocketException: Unrecognized Windows Sockets error: 0: JVM_Bind
14:52:19 WARN  : Unable to obtain port 2364 for use by XMD, java.net.SocketException: Unrecognized Windows Sockets error: 0: JVM_Bind
14:52:25 INFO  : ps7_init is completed.
14:52:25 INFO  : ps7_post_config is completed.
14:52:25 INFO  : Processor reset is completed for ps7_cortexa9_0
14:53:37 INFO  : ps7_cortexa9_0 Processor is in use. Please stop existing Run or Debug sessions before launching.
14:53:39 INFO  : Processor reset is completed for ps7_cortexa9_0
15:02:48 INFO  : Processor reset is completed for ps7_cortexa9_0
15:03:48 INFO  : Processor reset is completed for ps7_cortexa9_0
15:04:46 INFO  : ps7_cortexa9_0 Processor is in use. Please stop existing Run or Debug sessions before launching.
15:04:48 INFO  : Processor reset is completed for ps7_cortexa9_0
15:09:10 INFO  : Processor reset is completed for ps7_cortexa9_0
15:10:19 INFO  : ps7_cortexa9_0 Processor is in use. Please stop existing Run or Debug sessions before launching.
15:10:20 INFO  : Processor reset is completed for ps7_cortexa9_0
15:15:18 INFO  : Processor reset is completed for ps7_cortexa9_0
15:15:55 INFO  : Processor reset is completed for ps7_cortexa9_0
15:16:31 INFO  : Processor reset is completed for ps7_cortexa9_0
15:16:58 INFO  : Processor reset is completed for ps7_cortexa9_0
15:18:28 INFO  : Processor reset is completed for ps7_cortexa9_0
15:19:37 INFO  : Processor reset is completed for ps7_cortexa9_0
15:21:53 INFO  : ps7_cortexa9_0 Processor is in use. Please stop existing Run or Debug sessions before launching.
15:21:56 INFO  : Processor reset is completed for ps7_cortexa9_0
15:22:28 INFO  : ps7_cortexa9_0 Processor is in use. Please stop existing Run or Debug sessions before launching.
15:22:30 INFO  : Processor reset is completed for ps7_cortexa9_0
15:24:23 INFO  : ps7_cortexa9_0 Processor is in use. Please stop existing Run or Debug sessions before launching.
15:24:24 INFO  : Processor reset is completed for ps7_cortexa9_0
15:27:29 INFO  : Processor reset is completed for ps7_cortexa9_0
15:30:12 INFO  : Processor reset is completed for ps7_cortexa9_0
15:31:18 INFO  : ps7_cortexa9_0 Processor is in use. Please stop existing Run or Debug sessions before launching.
15:31:21 INFO  : Processor reset is completed for ps7_cortexa9_0
15:31:59 INFO  : ps7_cortexa9_0 Processor is in use. Please stop existing Run or Debug sessions before launching.
15:32:01 INFO  : Processor reset is completed for ps7_cortexa9_0
15:32:22 INFO  : ps7_cortexa9_0 Processor is in use. Please stop existing Run or Debug sessions before launching.
15:32:24 INFO  : Processor reset is completed for ps7_cortexa9_0
15:32:40 INFO  : ps7_cortexa9_0 Processor is in use. Please stop existing Run or Debug sessions before launching.
15:32:42 INFO  : Processor reset is completed for ps7_cortexa9_0
15:41:37 INFO  : ps7_cortexa9_0 Processor is in use. Please stop existing Run or Debug sessions before launching.
15:41:38 INFO  : Processor reset is completed for ps7_cortexa9_0
16:06:03 INFO  : Processor reset is completed for ps7_cortexa9_0
17:57:33 INFO  : SDK has detected change in the last modified timestamps for source hardware specification file Source:1479894772921,  Project:1479799462556
17:57:33 INFO  : Project gps_hw_platform's source hardware specification located at F:\lynn.zheng\vivado_learing\GpsSimulatedLynn\GpsSimulatedLynn.sdk\gpsSimulatedLynn_wrapper.hdf is now different from the local copy.
		 The local copy will be replaced with the source specification and your workspace will be updated.
17:57:34 INFO  : Copied contents of F:\lynn.zheng\vivado_learing\GpsSimulatedLynn\GpsSimulatedLynn.sdk\gpsSimulatedLynn_wrapper.hdf into \gps_hw_platform\system.hdf.
17:57:42 INFO  : Synchronizing projects in the workspace with the hardware platform specification changes.
17:57:47 ERROR : (XSDB Server)ERROR: [Hsi 55-1433] Error boost::filesystem::directory_iterator::construct: ¾Ü¾ø·ÃÎÊ¡£: "C:/Users/lin.zheng/AppData/Local/Temp\msdtadmin"

17:57:49 ERROR : Failed to call sync_sw_with_hw_change
Reason: ERROR: [Common 17-39] 'hsi::open_sw_design' failed due to earlier errors.

17:57:49 ERROR : Error updating BSP project MSS files.
17:57:50 INFO  : Updating hardware inferred compiler options for gps_proj.
17:57:50 INFO  : Clearing existing target manager status.
17:57:50 INFO  : Closing and re-opening the MSS file of ther project gps_bsp
17:57:50 ERROR : (XSDB Server)ERROR: [Hsi 55-1558] Software Design system system is not found

17:57:50 ERROR :  [Common 17-39] 'hsi::current_sw_design' failed due to earlier errors.
17:57:50 ERROR : (XSDB Server)ERROR: [Hsi 55-1558] Software Design system system is not found

17:57:50 INFO  : Unable to read in MSS file F:\lynn.zheng\vivado_learing\GpsSimulatedLynn\GpsSimulatedLynn.sdk\gps_bsp\system.mss : null
17:57:50 ERROR : (XSDB Server)ERROR: [Hsi 55-1558] Software Design system system is not found

17:57:51 ERROR : (XSDB Server)ERROR: [Hsi 55-1558] Software Design system system is not found

17:57:52 ERROR : (XSDB Server)ERROR: [Hsi 55-1558] Software Design system system is not found

17:57:52 ERROR :  [Common 17-39] 'hsi::current_sw_design' failed due to earlier errors.
17:57:52 ERROR : (XSDB Server)ERROR: [Hsi 55-1558] Software Design system system is not found

17:57:52 INFO  : Unable to read in MSS file F:\lynn.zheng\vivado_learing\GpsSimulatedLynn\GpsSimulatedLynn.sdk\gps_bsp\system.mss : null
17:57:52 ERROR : (XSDB Server)ERROR: [Hsi 55-1558] Software Design system system is not found

17:57:52 ERROR : Failed to closesw "F:/lynn.zheng/vivado_learing/GpsSimulatedLynn/GpsSimulatedLynn.sdk/gps_bsp/system.mss"
Reason: Cannot close sw design 'F:/lynn.zheng/vivado_learing/GpsSimulatedLynn/GpsSimulatedLynn.sdk/gps_bsp/system.mss'.
Design is not opened in the current session.


17:57:52 INFO  : Closing and re-opening the MSS file of ther project gps_bsp
17:57:52 INFO  : Closing and re-opening the MSS file of ther project gps_bsp
17:57:52 INFO  : Workspace synchronized with the new hardware specification file. Cleaning dependent projects...
17:57:53 WARN  : Linker script will not be updated automatically. Users need to update it manually.
17:59:28 INFO  : Connected to target on host '127.0.0.1' and port '3121'.
18:01:46 INFO  : Launching XSDB server: xsdb.bat -interactive F:\lynn.zheng\vivado_learing\GpsSimulatedLynn\GpsSimulatedLynn.sdk\temp_xsdb_launch_script.tcl
18:01:50 INFO  : XSDB server has started successfully.
18:02:35 INFO  : Launching XSDB server: xsdb.bat -interactive F:\lynn.zheng\vivado_learing\GpsSimulatedLynn\GpsSimulatedLynn.sdk\temp_xsdb_launch_script.tcl
18:02:37 INFO  : XSDB server has started successfully.
18:03:24 ERROR : Failed to connect to hardware server on host '127.0.0.1' and port '3121'.
Reason: 'connect -url tcp:127.0.0.1:3121' is cancelled.
18:05:28 INFO  : Launching XSDB server: xsdb.bat -interactive F:\lynn.zheng\vivado_learing\GpsSimulatedLynn\GpsSimulatedLynn.sdk\temp_xsdb_launch_script.tcl
18:05:30 INFO  : XSDB server has started successfully.
18:05:53 ERROR : Failed to connect to hardware server on host '127.0.0.1' and port '3121'.
Reason: 'connect -url tcp:127.0.0.1:3121' is cancelled.
18:12:08 INFO  : Launching XSDB server: xsdb.bat -interactive F:\lynn.zheng\vivado_learing\GpsSimulatedLynn\GpsSimulatedLynn.sdk\temp_xsdb_launch_script.tcl
18:12:16 INFO  : XSDB server has started successfully.
18:12:27 INFO  : Connected to target on host '127.0.0.1' and port '3121'.
18:12:27 INFO  : 'targets -set -filter {jtag_cable_name =~ "Digilent Zed 210248686573" && level==0} -index 1' command is executed.
18:12:30 INFO  : FPGA configured successfully with bitstream "F:/lynn.zheng/vivado_learing/GpsSimulatedLynn/GpsSimulatedLynn.sdk/gps_hw_platform/gpsSimulatedLynn_wrapper.bit"
18:12:55 INFO  : ps7_init is completed.
18:12:55 INFO  : ps7_post_config is completed.
18:12:55 INFO  : Processor reset is completed for ps7_cortexa9_0
18:14:04 INFO  : ps7_cortexa9_0 Processor is in use. Please stop existing Run or Debug sessions before launching.
18:14:07 INFO  : Processor reset is completed for ps7_cortexa9_0
18:14:37 INFO  : ps7_cortexa9_0 Processor is in use. Please stop existing Run or Debug sessions before launching.
18:14:39 INFO  : Processor reset is completed for ps7_cortexa9_0
18:16:25 INFO  : ps7_cortexa9_0 Processor is in use. Please stop existing Run or Debug sessions before launching.
18:16:26 INFO  : Processor reset is completed for ps7_cortexa9_0
18:19:33 INFO  : ps7_cortexa9_0 Processor is in use. Please stop existing Run or Debug sessions before launching.
18:19:35 INFO  : Processor reset is completed for ps7_cortexa9_0
18:19:52 INFO  : ps7_cortexa9_0 Processor is in use. Please stop existing Run or Debug sessions before launching.
18:19:53 INFO  : Processor reset is completed for ps7_cortexa9_0
18:26:42 INFO  : ps7_cortexa9_0 Processor is in use. Please stop existing Run or Debug sessions before launching.
18:26:44 INFO  : Processor reset is completed for ps7_cortexa9_0
18:34:19 INFO  : Processor reset is completed for ps7_cortexa9_0
18:43:54 INFO  : Processor reset is completed for ps7_cortexa9_0
18:47:07 INFO  : ps7_cortexa9_0 Processor is in use. Please stop existing Run or Debug sessions before launching.
18:47:09 INFO  : Processor reset is completed for ps7_cortexa9_0
18:47:21 INFO  : ps7_cortexa9_0 Processor is in use. Please stop existing Run or Debug sessions before launching.
18:47:22 INFO  : Processor reset is completed for ps7_cortexa9_0
18:50:29 INFO  : Processor reset is completed for ps7_cortexa9_0
18:52:29 INFO  : ps7_cortexa9_0 Processor is in use. Please stop existing Run or Debug sessions before launching.
18:52:32 INFO  : Processor reset is completed for ps7_cortexa9_0
19:01:30 INFO  : ps7_cortexa9_0 Processor is in use. Please stop existing Run or Debug sessions before launching.
19:01:33 INFO  : Processor reset is completed for ps7_cortexa9_0
19:02:14 INFO  : ps7_cortexa9_0 Processor is in use. Please stop existing Run or Debug sessions before launching.
19:02:16 INFO  : Processor reset is completed for ps7_cortexa9_0
19:13:07 INFO  : ps7_cortexa9_0 Processor is in use. Please stop existing Run or Debug sessions before launching.
19:13:12 INFO  : Processor reset is completed for ps7_cortexa9_0
20:01:16 INFO  : ps7_cortexa9_0 Processor is in use. Please stop existing Run or Debug sessions before launching.
20:01:18 INFO  : Processor reset is completed for ps7_cortexa9_0
20:04:32 INFO  : ps7_cortexa9_0 Processor is in use. Please stop existing Run or Debug sessions before launching.
20:04:34 INFO  : Processor reset is completed for ps7_cortexa9_0
20:06:27 INFO  : ps7_cortexa9_0 Processor is in use. Please stop existing Run or Debug sessions before launching.
20:06:29 INFO  : Processor reset is completed for ps7_cortexa9_0
20:07:06 INFO  : ps7_cortexa9_0 Processor is in use. Please stop existing Run or Debug sessions before launching.
20:07:08 INFO  : Processor reset is completed for ps7_cortexa9_0
20:09:37 INFO  : ps7_cortexa9_0 Processor is in use. Please stop existing Run or Debug sessions before launching.
20:09:38 INFO  : Processor reset is completed for ps7_cortexa9_0
20:29:25 INFO  : ps7_cortexa9_0 Processor is in use. Please stop existing Run or Debug sessions before launching.
20:29:26 INFO  : Processor reset is completed for ps7_cortexa9_0
20:30:25 INFO  : ps7_cortexa9_0 Processor is in use. Please stop existing Run or Debug sessions before launching.
20:30:27 INFO  : Processor reset is completed for ps7_cortexa9_0
20:31:57 INFO  : ps7_cortexa9_0 Processor is in use. Please stop existing Run or Debug sessions before launching.
20:31:59 INFO  : Processor reset is completed for ps7_cortexa9_0
20:34:11 INFO  : ps7_cortexa9_0 Processor is in use. Please stop existing Run or Debug sessions before launching.
20:34:13 INFO  : Processor reset is completed for ps7_cortexa9_0
20:36:38 INFO  : Connected to target on host '127.0.0.1' and port '3121'.
20:36:38 INFO  : 'targets -set -filter {jtag_cable_name =~ "Digilent Zed 210248686573" && level==0} -index 1' command is executed.
20:36:41 INFO  : FPGA configured successfully with bitstream "F:/lynn.zheng/vivado_learing/GpsSimulatedLynn/GpsSimulatedLynn.sdk/gps_hw_platform/gpsSimulatedLynn_wrapper.bit"
20:36:44 INFO  : ps7_cortexa9_0 Processor is in use. Please stop existing Run or Debug sessions before launching.
20:36:51 ERROR : Unexpected error while launching program.
java.lang.RuntimeException: Error in Resetting Target

    Could not stop the processor after reset


	at com.xilinx.sdk.targetmanager.internal.TM.doProcessorReset(TM.java:1011)
	at com.xilinx.sdk.debug.core.XilinxAppLaunchConfigurationDelegate.runTargetSetup(XilinxAppLaunchConfigurationDelegate.java:534)
	at com.xilinx.sdk.debug.core.XilinxAppLaunchConfigurationDelegate.runApplication(XilinxAppLaunchConfigurationDelegate.java:616)
	at com.xilinx.sdk.debug.core.XilinxAppLaunchConfigurationDelegate.launch(XilinxAppLaunchConfigurationDelegate.java:309)
	at com.xilinx.sdk.debug.ui.XilinxAppLaunchDelegateWrapper.launch(XilinxAppLaunchDelegateWrapper.java:31)
	at org.eclipse.debug.internal.core.LaunchConfiguration.launch(LaunchConfiguration.java:885)
	at org.eclipse.debug.internal.core.LaunchConfiguration.launch(LaunchConfiguration.java:739)
	at org.eclipse.debug.internal.ui.DebugUIPlugin.buildAndLaunch(DebugUIPlugin.java:1039)
	at org.eclipse.debug.internal.ui.DebugUIPlugin$8.run(DebugUIPlugin.java:1256)
	at org.eclipse.core.internal.jobs.Worker.run(Worker.java:55)
20:37:14 INFO  : Connected to target on host '127.0.0.1' and port '3121'.
20:37:14 INFO  : 'targets -set -filter {jtag_cable_name =~ "Digilent Zed 210248686573" && level==0} -index 1' command is executed.
20:37:17 INFO  : FPGA configured successfully with bitstream "F:/lynn.zheng/vivado_learing/GpsSimulatedLynn/GpsSimulatedLynn.sdk/gps_hw_platform/gpsSimulatedLynn_wrapper.bit"
20:37:27 INFO  : ps7_init is completed.
20:37:27 INFO  : ps7_post_config is completed.
20:37:27 INFO  : Processor reset is completed for ps7_cortexa9_0
20:37:55 INFO  : ps7_cortexa9_0 Processor is in use. Please stop existing Run or Debug sessions before launching.
20:37:56 INFO  : Processor reset is completed for ps7_cortexa9_0
20:41:46 INFO  : ps7_cortexa9_0 Processor is in use. Please stop existing Run or Debug sessions before launching.
20:41:48 INFO  : Processor reset is completed for ps7_cortexa9_0
20:42:54 INFO  : ps7_cortexa9_0 Processor is in use. Please stop existing Run or Debug sessions before launching.
20:42:56 INFO  : Processor reset is completed for ps7_cortexa9_0
20:44:00 INFO  : ps7_cortexa9_0 Processor is in use. Please stop existing Run or Debug sessions before launching.
20:44:01 INFO  : Processor reset is completed for ps7_cortexa9_0
20:46:30 INFO  : ps7_cortexa9_0 Processor is in use. Please stop existing Run or Debug sessions before launching.
20:46:32 INFO  : Processor reset is completed for ps7_cortexa9_0
20:50:18 INFO  : ps7_cortexa9_0 Processor is in use. Please stop existing Run or Debug sessions before launching.
20:50:21 INFO  : Processor reset is completed for ps7_cortexa9_0
20:50:41 INFO  : ps7_cortexa9_0 Processor is in use. Please stop existing Run or Debug sessions before launching.
20:50:43 INFO  : Processor reset is completed for ps7_cortexa9_0
20:52:06 INFO  : ps7_cortexa9_0 Processor is in use. Please stop existing Run or Debug sessions before launching.
20:52:17 INFO  : Processor reset is completed for ps7_cortexa9_0
20:55:03 INFO  : ps7_cortexa9_0 Processor is in use. Please stop existing Run or Debug sessions before launching.
20:55:04 INFO  : Processor reset is completed for ps7_cortexa9_0
21:13:00 INFO  : ps7_cortexa9_0 Processor is in use. Please stop existing Run or Debug sessions before launching.
21:13:15 INFO  : Processor reset is completed for ps7_cortexa9_0
21:16:58 INFO  : ps7_cortexa9_0 Processor is in use. Please stop existing Run or Debug sessions before launching.
21:17:00 INFO  : Processor reset is completed for ps7_cortexa9_0
21:23:49 INFO  : ps7_cortexa9_0 Processor is in use. Please stop existing Run or Debug sessions before launching.
21:23:51 INFO  : Processor reset is completed for ps7_cortexa9_0
21:24:55 INFO  : ps7_cortexa9_0 Processor is in use. Please stop existing Run or Debug sessions before launching.
21:24:57 INFO  : Processor reset is completed for ps7_cortexa9_0
21:27:08 INFO  : ps7_cortexa9_0 Processor is in use. Please stop existing Run or Debug sessions before launching.
21:27:10 INFO  : Processor reset is completed for ps7_cortexa9_0
08:42:54 INFO  : Connected to target on host '127.0.0.1' and port '3121'.
08:42:54 INFO  : 'targets -set -filter {jtag_cable_name =~ "Digilent Zed 210248686573" && level==0} -index 1' command is executed.
08:42:57 INFO  : FPGA configured successfully with bitstream "F:/lynn.zheng/vivado_learing/GpsSimulatedLynn/GpsSimulatedLynn.sdk/gps_hw_platform/gpsSimulatedLynn_wrapper.bit"
08:43:05 INFO  : ps7_init is completed.
08:43:05 INFO  : ps7_post_config is completed.
08:43:06 INFO  : Processor reset is completed for ps7_cortexa9_0
08:45:20 INFO  : ps7_cortexa9_0 Processor is in use. Please stop existing Run or Debug sessions before launching.
08:45:22 INFO  : Processor reset is completed for ps7_cortexa9_0
08:45:45 INFO  : ps7_cortexa9_0 Processor is in use. Please stop existing Run or Debug sessions before launching.
08:45:47 INFO  : Processor reset is completed for ps7_cortexa9_0
08:52:47 INFO  : ps7_cortexa9_0 Processor is in use. Please stop existing Run or Debug sessions before launching.
08:52:49 INFO  : Processor reset is completed for ps7_cortexa9_0
08:54:29 INFO  : ps7_cortexa9_0 Processor is in use. Please stop existing Run or Debug sessions before launching.
08:54:37 INFO  : Processor reset is completed for ps7_cortexa9_0
08:55:09 INFO  : ps7_cortexa9_0 Processor is in use. Please stop existing Run or Debug sessions before launching.
08:55:11 INFO  : Processor reset is completed for ps7_cortexa9_0
08:56:32 INFO  : ps7_cortexa9_0 Processor is in use. Please stop existing Run or Debug sessions before launching.
08:56:40 INFO  : Processor reset is completed for ps7_cortexa9_0
08:59:12 INFO  : ps7_cortexa9_0 Processor is in use. Please stop existing Run or Debug sessions before launching.
08:59:14 INFO  : Processor reset is completed for ps7_cortexa9_0
08:59:28 INFO  : ps7_cortexa9_0 Processor is in use. Please stop existing Run or Debug sessions before launching.
08:59:30 INFO  : Processor reset is completed for ps7_cortexa9_0
09:00:11 INFO  : ps7_cortexa9_0 Processor is in use. Please stop existing Run or Debug sessions before launching.
09:00:12 INFO  : Processor reset is completed for ps7_cortexa9_0
09:02:01 INFO  : ps7_cortexa9_0 Processor is in use. Please stop existing Run or Debug sessions before launching.
09:02:03 INFO  : Processor reset is completed for ps7_cortexa9_0
09:06:49 INFO  : ps7_cortexa9_0 Processor is in use. Please stop existing Run or Debug sessions before launching.
09:06:51 INFO  : Processor reset is completed for ps7_cortexa9_0
09:08:45 INFO  : Processor reset is completed for ps7_cortexa9_0
09:10:36 INFO  : ps7_cortexa9_0 Processor is in use. Please stop existing Run or Debug sessions before launching.
09:10:38 INFO  : Processor reset is completed for ps7_cortexa9_0
09:11:25 INFO  : ps7_cortexa9_0 Processor is in use. Please stop existing Run or Debug sessions before launching.
09:11:27 INFO  : Processor reset is completed for ps7_cortexa9_0
09:12:07 INFO  : ps7_cortexa9_0 Processor is in use. Please stop existing Run or Debug sessions before launching.
09:12:09 INFO  : Processor reset is completed for ps7_cortexa9_0
09:13:41 INFO  : ps7_cortexa9_0 Processor is in use. Please stop existing Run or Debug sessions before launching.
09:13:47 INFO  : Processor reset is completed for ps7_cortexa9_0
09:14:35 INFO  : ps7_cortexa9_0 Processor is in use. Please stop existing Run or Debug sessions before launching.
09:14:37 INFO  : Processor reset is completed for ps7_cortexa9_0
09:19:34 INFO  : ps7_cortexa9_0 Processor is in use. Please stop existing Run or Debug sessions before launching.
09:19:36 INFO  : Processor reset is completed for ps7_cortexa9_0
09:20:54 INFO  : ps7_cortexa9_0 Processor is in use. Please stop existing Run or Debug sessions before launching.
09:20:56 INFO  : Processor reset is completed for ps7_cortexa9_0
09:23:21 INFO  : ps7_cortexa9_0 Processor is in use. Please stop existing Run or Debug sessions before launching.
09:23:23 INFO  : Processor reset is completed for ps7_cortexa9_0
09:24:49 INFO  : ps7_cortexa9_0 Processor is in use. Please stop existing Run or Debug sessions before launching.
09:24:51 INFO  : Processor reset is completed for ps7_cortexa9_0
09:25:06 INFO  : ps7_cortexa9_0 Processor is in use. Please stop existing Run or Debug sessions before launching.
09:25:08 INFO  : Processor reset is completed for ps7_cortexa9_0
09:26:34 INFO  : ps7_cortexa9_0 Processor is in use. Please stop existing Run or Debug sessions before launching.
09:26:36 INFO  : Processor reset is completed for ps7_cortexa9_0
09:32:14 INFO  : ps7_cortexa9_0 Processor is in use. Please stop existing Run or Debug sessions before launching.
09:32:16 INFO  : Processor reset is completed for ps7_cortexa9_0
09:32:44 INFO  : ps7_cortexa9_0 Processor is in use. Please stop existing Run or Debug sessions before launching.
09:32:46 INFO  : Processor reset is completed for ps7_cortexa9_0
09:33:07 INFO  : ps7_cortexa9_0 Processor is in use. Please stop existing Run or Debug sessions before launching.
09:33:09 INFO  : Processor reset is completed for ps7_cortexa9_0
09:33:34 INFO  : ps7_cortexa9_0 Processor is in use. Please stop existing Run or Debug sessions before launching.
09:33:36 INFO  : Processor reset is completed for ps7_cortexa9_0
09:33:51 INFO  : ps7_cortexa9_0 Processor is in use. Please stop existing Run or Debug sessions before launching.
09:33:53 INFO  : Processor reset is completed for ps7_cortexa9_0
09:34:50 INFO  : ps7_cortexa9_0 Processor is in use. Please stop existing Run or Debug sessions before launching.
09:34:52 INFO  : Processor reset is completed for ps7_cortexa9_0
09:45:25 INFO  : ps7_cortexa9_0 Processor is in use. Please stop existing Run or Debug sessions before launching.
09:45:27 INFO  : Processor reset is completed for ps7_cortexa9_0
09:46:38 INFO  : ps7_cortexa9_0 Processor is in use. Please stop existing Run or Debug sessions before launching.
09:46:40 INFO  : Processor reset is completed for ps7_cortexa9_0
09:47:51 INFO  : ps7_cortexa9_0 Processor is in use. Please stop existing Run or Debug sessions before launching.
09:47:53 INFO  : Processor reset is completed for ps7_cortexa9_0
09:50:07 INFO  : ps7_cortexa9_0 Processor is in use. Please stop existing Run or Debug sessions before launching.
09:50:08 INFO  : Processor reset is completed for ps7_cortexa9_0
10:22:36 INFO  : ps7_cortexa9_0 Processor is in use. Please stop existing Run or Debug sessions before launching.
10:22:37 INFO  : Processor reset is completed for ps7_cortexa9_0
10:23:46 INFO  : ps7_cortexa9_0 Processor is in use. Please stop existing Run or Debug sessions before launching.
10:23:48 INFO  : Processor reset is completed for ps7_cortexa9_0
10:24:02 INFO  : ps7_cortexa9_0 Processor is in use. Please stop existing Run or Debug sessions before launching.
10:24:04 INFO  : Processor reset is completed for ps7_cortexa9_0
10:25:10 ERROR : Unexpected error while parsing XMD response ?: com.google.gson.JsonSyntaxException: com.google.gson.stream.MalformedJsonException: invalid number or unquoted string near 
10:28:16 INFO  : Launching XSDB server: xsdb.bat -interactive F:\lynn.zheng\finished\GpsSimulatedLynn_refracted\GpsSimulatedLynn.sdk\temp_xsdb_launch_script.tcl
10:28:18 INFO  : XSDB server has started successfully.
